14 Aug, 2014 10:00:09 AM org.apache.solr.servlet.SolrDispatchFilter init
INFO: SolrDispatchFilter.init()
14 Aug, 2014 10:00:09 AM org.apache.solr.core.SolrResourceLoader locateSolrHome
INFO: JNDI not configured for solr (NoInitialContextEx)
14 Aug, 2014 10:00:09 AM org.apache.solr.core.SolrResourceLoader locateSolrHome
INFO: using system property solr.solr.home: /home/laptop/music_application/solr
14 Aug, 2014 10:00:09 AM org.apache.solr.core.CoreContainer$Initializer initialize
INFO: looking for solr.xml: /home/laptop/music_application/solr/solr.xml
14 Aug, 2014 10:00:09 AM org.apache.solr.core.CoreContainer <init>
INFO: New CoreContainer 527795456
14 Aug, 2014 10:00:09 AM org.apache.solr.core.CoreContainer load
INFO: Loading CoreContainer using Solr Home: '/home/laptop/music_application/solr/'
14 Aug, 2014 10:00:09 AM org.apache.solr.core.SolrResourceLoader <init>
INFO: new SolrResourceLoader for directory: '/home/laptop/music_application/solr/'
14 Aug, 2014 10:00:10 AM org.apache.solr.handler.component.HttpShardHandlerFactory getParameter
INFO: Setting socketTimeout to: 0
14 Aug, 2014 10:00:10 AM org.apache.solr.handler.component.HttpShardHandlerFactory getParameter
INFO: Setting urlScheme to: http://
14 Aug, 2014 10:00:10 AM org.apache.solr.handler.component.HttpShardHandlerFactory getParameter
INFO: Setting connTimeout to: 0
14 Aug, 2014 10:00:10 AM org.apache.solr.handler.component.HttpShardHandlerFactory getParameter
INFO: Setting maxConnectionsPerHost to: 20
14 Aug, 2014 10:00:10 AM org.apache.solr.handler.component.HttpShardHandlerFactory getParameter
INFO: Setting corePoolSize to: 0
14 Aug, 2014 10:00:10 AM org.apache.solr.handler.component.HttpShardHandlerFactory getParameter
INFO: Setting maximumPoolSize to: 2147483647
14 Aug, 2014 10:00:10 AM org.apache.solr.handler.component.HttpShardHandlerFactory getParameter
INFO: Setting maxThreadIdleTime to: 5
14 Aug, 2014 10:00:10 AM org.apache.solr.handler.component.HttpShardHandlerFactory getParameter
INFO: Setting sizeOfQueue to: -1
14 Aug, 2014 10:00:10 AM org.apache.solr.handler.component.HttpShardHandlerFactory getParameter
INFO: Setting fairnessPolicy to: false
14 Aug, 2014 10:00:10 AM org.apache.solr.client.solrj.impl.HttpClientUtil createClient
INFO: Creating new http client, config:maxConnectionsPerHost=20&maxConnections=10000&socketTimeout=0&connTimeout=0&retry=false
14 Aug, 2014 10:00:11 AM org.apache.solr.core.CoreContainer load
INFO: Registering Log Listener
14 Aug, 2014 10:00:11 AM org.apache.solr.core.CoreContainer create
INFO: Creating SolrCore 'default' using instanceDir: /home/laptop/music_application/solr/.
14 Aug, 2014 10:00:11 AM org.apache.solr.core.CoreContainer create
INFO: Creating SolrCore 'development' using instanceDir: /home/laptop/music_application/solr/.
14 Aug, 2014 10:00:11 AM org.apache.solr.core.CoreContainer create
INFO: Creating SolrCore 'test' using instanceDir: /home/laptop/music_application/solr/.
14 Aug, 2014 10:00:11 AM org.apache.solr.core.SolrResourceLoader <init>
INFO: new SolrResourceLoader for directory: '/home/laptop/music_application/solr/./'
14 Aug, 2014 10:00:11 AM org.apache.solr.core.SolrResourceLoader <init>
INFO: new SolrResourceLoader for directory: '/home/laptop/music_application/solr/./'
14 Aug, 2014 10:00:11 AM org.apache.solr.core.SolrResourceLoader <init>
INFO: new SolrResourceLoader for directory: '/home/laptop/music_application/solr/./'
14 Aug, 2014 10:00:11 AM org.apache.solr.core.SolrConfig <init>
INFO: Using Lucene MatchVersion: LUCENE_41
14 Aug, 2014 10:00:11 AM org.apache.solr.core.SolrConfig <init>
INFO: Using Lucene MatchVersion: LUCENE_41
14 Aug, 2014 10:00:11 AM org.apache.solr.core.SolrConfig <init>
INFO: Using Lucene MatchVersion: LUCENE_41
14 Aug, 2014 10:00:11 AM org.apache.solr.core.SolrConfig <init>
INFO: Loaded SolrConfig: solrconfig.xml
14 Aug, 2014 10:00:11 AM org.apache.solr.core.SolrConfig <init>
INFO: Loaded SolrConfig: solrconfig.xml
14 Aug, 2014 10:00:11 AM org.apache.solr.schema.IndexSchema readSchema
INFO: Reading Solr Schema
14 Aug, 2014 10:00:11 AM org.apache.solr.core.SolrConfig <init>
INFO: Loaded SolrConfig: solrconfig.xml
14 Aug, 2014 10:00:11 AM org.apache.solr.schema.IndexSchema readSchema
INFO: Reading Solr Schema
14 Aug, 2014 10:00:11 AM org.apache.solr.schema.IndexSchema readSchema
INFO: Reading Solr Schema
14 Aug, 2014 10:00:11 AM org.apache.solr.schema.IndexSchema readSchema
INFO: Schema name=sunspot
14 Aug, 2014 10:00:11 AM org.apache.solr.schema.IndexSchema readSchema
INFO: Schema name=sunspot
14 Aug, 2014 10:00:11 AM org.apache.solr.schema.IndexSchema readSchema
INFO: Schema name=sunspot
14 Aug, 2014 10:00:12 AM org.apache.solr.schema.IndexSchema readSchema
INFO: default search field in schema is text
14 Aug, 2014 10:00:12 AM org.apache.solr.schema.IndexSchema readSchema
INFO: query parser default operator is AND
14 Aug, 2014 10:00:12 AM org.apache.solr.schema.IndexSchema readSchema
INFO: unique key field: id
14 Aug, 2014 10:00:12 AM org.apache.solr.schema.IndexSchema readSchema
INFO: default search field in schema is text
14 Aug, 2014 10:00:12 AM org.apache.solr.schema.IndexSchema readSchema
INFO: query parser default operator is AND
14 Aug, 2014 10:00:12 AM org.apache.solr.schema.IndexSchema readSchema
INFO: unique key field: id
14 Aug, 2014 10:00:12 AM org.apache.solr.schema.IndexSchema readSchema
INFO: default search field in schema is text
14 Aug, 2014 10:00:12 AM org.apache.solr.schema.IndexSchema readSchema
INFO: query parser default operator is AND
14 Aug, 2014 10:00:12 AM org.apache.solr.schema.IndexSchema readSchema
INFO: unique key field: id
14 Aug, 2014 10:00:12 AM org.apache.solr.core.SolrCore <init>
INFO: [test] Opening new SolrCore at /home/laptop/music_application/solr/./, dataDir=/home/laptop/music_application/solr/./test/data/
14 Aug, 2014 10:00:12 AM org.apache.solr.core.SolrCore <init>
INFO: JMX monitoring not detected for core: test
14 Aug, 2014 10:00:12 AM org.apache.solr.core.SolrCore initDirectoryFactory
INFO: solr.NRTCachingDirectoryFactory
14 Aug, 2014 10:00:12 AM org.apache.solr.core.SolrCore <init>
INFO: [default] Opening new SolrCore at /home/laptop/music_application/solr/./, dataDir=/home/laptop/music_application/solr/./default/data/
14 Aug, 2014 10:00:12 AM org.apache.solr.core.SolrCore <init>
INFO: JMX monitoring not detected for core: default
14 Aug, 2014 10:00:12 AM org.apache.solr.core.SolrCore <init>
INFO: [development] Opening new SolrCore at /home/laptop/music_application/solr/./, dataDir=/home/laptop/music_application/solr/./development/data/
14 Aug, 2014 10:00:12 AM org.apache.solr.core.SolrCore initDirectoryFactory
INFO: solr.NRTCachingDirectoryFactory
14 Aug, 2014 10:00:12 AM org.apache.solr.core.SolrCore <init>
INFO: JMX monitoring not detected for core: development
14 Aug, 2014 10:00:12 AM org.apache.solr.core.SolrCore initDirectoryFactory
INFO: solr.NRTCachingDirectoryFactory
14 Aug, 2014 10:00:12 AM org.apache.solr.core.CachingDirectoryFactory get
INFO: return new directory for /home/laptop/music_application/solr/./test/data forceNew: false
14 Aug, 2014 10:00:12 AM org.apache.solr.core.SolrCore getNewIndexDir
INFO: New index directory detected: old=null new=/home/laptop/music_application/solr/./test/data/index/
14 Aug, 2014 10:00:12 AM org.apache.solr.core.CachingDirectoryFactory get
INFO: return new directory for /home/laptop/music_application/solr/./default/data forceNew: false
14 Aug, 2014 10:00:12 AM org.apache.solr.core.CachingDirectoryFactory get
INFO: return new directory for /home/laptop/music_application/solr/./development/data forceNew: false
14 Aug, 2014 10:00:12 AM org.apache.solr.core.SolrCore getNewIndexDir
INFO: New index directory detected: old=null new=/home/laptop/music_application/solr/./default/data/index/
14 Aug, 2014 10:00:12 AM org.apache.solr.core.CachingDirectoryFactory get
INFO: return new directory for /home/laptop/music_application/solr/./default/data/index forceNew: false
14 Aug, 2014 10:00:12 AM org.apache.solr.core.SolrCore getNewIndexDir
INFO: New index directory detected: old=null new=/home/laptop/music_application/solr/./development/data/index/
14 Aug, 2014 10:00:12 AM org.apache.solr.core.CachingDirectoryFactory get
INFO: return new directory for /home/laptop/music_application/solr/./test/data/index forceNew: false
14 Aug, 2014 10:00:12 AM org.apache.solr.core.CachingDirectoryFactory get
INFO: return new directory for /home/laptop/music_application/solr/./development/data/index forceNew: false
14 Aug, 2014 10:00:12 AM org.apache.solr.core.RequestHandlers initHandlersFromConfig
INFO: created /select: solr.SearchHandler
14 Aug, 2014 10:00:12 AM org.apache.solr.core.RequestHandlers initHandlersFromConfig
INFO: created /query: solr.SearchHandler
14 Aug, 2014 10:00:12 AM org.apache.solr.core.RequestHandlers initHandlersFromConfig
INFO: created /select: solr.SearchHandler
14 Aug, 2014 10:00:12 AM org.apache.solr.core.RequestHandlers initHandlersFromConfig
INFO: created /query: solr.SearchHandler
14 Aug, 2014 10:00:12 AM org.apache.solr.core.RequestHandlers initHandlersFromConfig
INFO: created /select: solr.SearchHandler
14 Aug, 2014 10:00:12 AM org.apache.solr.core.RequestHandlers initHandlersFromConfig
INFO: created /query: solr.SearchHandler
14 Aug, 2014 10:00:12 AM org.apache.solr.core.RequestHandlers initHandlersFromConfig
INFO: created /get: solr.RealTimeGetHandler
14 Aug, 2014 10:00:12 AM org.apache.solr.core.RequestHandlers initHandlersFromConfig
INFO: created /get: solr.RealTimeGetHandler
14 Aug, 2014 10:00:12 AM org.apache.solr.core.RequestHandlers initHandlersFromConfig
INFO: created /get: solr.RealTimeGetHandler
14 Aug, 2014 10:00:12 AM org.apache.solr.core.RequestHandlers initHandlersFromConfig
INFO: created /update: solr.UpdateRequestHandler
14 Aug, 2014 10:00:12 AM org.apache.solr.core.RequestHandlers initHandlersFromConfig
INFO: created /update/json: solr.JsonUpdateRequestHandler
14 Aug, 2014 10:00:12 AM org.apache.solr.core.RequestHandlers initHandlersFromConfig
INFO: created /update: solr.UpdateRequestHandler
14 Aug, 2014 10:00:12 AM org.apache.solr.core.RequestHandlers initHandlersFromConfig
INFO: created /update: solr.UpdateRequestHandler
14 Aug, 2014 10:00:12 AM org.apache.solr.core.RequestHandlers initHandlersFromConfig
INFO: created /update/json: solr.JsonUpdateRequestHandler
14 Aug, 2014 10:00:12 AM org.apache.solr.core.RequestHandlers initHandlersFromConfig
INFO: created /update/json: solr.JsonUpdateRequestHandler
14 Aug, 2014 10:00:12 AM org.apache.solr.core.RequestHandlers initHandlersFromConfig
INFO: created /update/csv: solr.CSVRequestHandler
14 Aug, 2014 10:00:12 AM org.apache.solr.core.RequestHandlers initHandlersFromConfig
INFO: created /update/csv: solr.CSVRequestHandler
14 Aug, 2014 10:00:12 AM org.apache.solr.core.RequestHandlers initHandlersFromConfig
INFO: adding lazy requestHandler: solr.extraction.ExtractingRequestHandler
14 Aug, 2014 10:00:12 AM org.apache.solr.core.RequestHandlers initHandlersFromConfig
INFO: adding lazy requestHandler: solr.extraction.ExtractingRequestHandler
14 Aug, 2014 10:00:12 AM org.apache.solr.core.RequestHandlers initHandlersFromConfig
INFO: created /update/extract: solr.extraction.ExtractingRequestHandler
14 Aug, 2014 10:00:12 AM org.apache.solr.core.RequestHandlers initHandlersFromConfig
INFO: created /update/extract: solr.extraction.ExtractingRequestHandler
14 Aug, 2014 10:00:12 AM org.apache.solr.core.RequestHandlers initHandlersFromConfig
INFO: adding lazy requestHandler: solr.FieldAnalysisRequestHandler
14 Aug, 2014 10:00:12 AM org.apache.solr.core.RequestHandlers initHandlersFromConfig
INFO: created /update/csv: solr.CSVRequestHandler
14 Aug, 2014 10:00:12 AM org.apache.solr.core.RequestHandlers initHandlersFromConfig
INFO: adding lazy requestHandler: solr.FieldAnalysisRequestHandler
14 Aug, 2014 10:00:12 AM org.apache.solr.core.RequestHandlers initHandlersFromConfig
INFO: adding lazy requestHandler: solr.extraction.ExtractingRequestHandler
14 Aug, 2014 10:00:12 AM org.apache.solr.core.RequestHandlers initHandlersFromConfig
INFO: created /analysis/field: solr.FieldAnalysisRequestHandler
14 Aug, 2014 10:00:12 AM org.apache.solr.core.RequestHandlers initHandlersFromConfig
INFO: created /update/extract: solr.extraction.ExtractingRequestHandler
14 Aug, 2014 10:00:12 AM org.apache.solr.core.RequestHandlers initHandlersFromConfig
INFO: created /analysis/field: solr.FieldAnalysisRequestHandler
14 Aug, 2014 10:00:12 AM org.apache.solr.core.RequestHandlers initHandlersFromConfig
INFO: adding lazy requestHandler: solr.FieldAnalysisRequestHandler
14 Aug, 2014 10:00:12 AM org.apache.solr.core.RequestHandlers initHandlersFromConfig
INFO: adding lazy requestHandler: solr.DocumentAnalysisRequestHandler
14 Aug, 2014 10:00:12 AM org.apache.solr.core.RequestHandlers initHandlersFromConfig
INFO: created /analysis/field: solr.FieldAnalysisRequestHandler
14 Aug, 2014 10:00:12 AM org.apache.solr.core.RequestHandlers initHandlersFromConfig
INFO: adding lazy requestHandler: solr.DocumentAnalysisRequestHandler
14 Aug, 2014 10:00:12 AM org.apache.solr.core.RequestHandlers initHandlersFromConfig
INFO: adding lazy requestHandler: solr.DocumentAnalysisRequestHandler
14 Aug, 2014 10:00:12 AM org.apache.solr.core.RequestHandlers initHandlersFromConfig
INFO: created /analysis/document: solr.DocumentAnalysisRequestHandler
14 Aug, 2014 10:00:12 AM org.apache.solr.core.RequestHandlers initHandlersFromConfig
INFO: created /analysis/document: solr.DocumentAnalysisRequestHandler
14 Aug, 2014 10:00:12 AM org.apache.solr.core.RequestHandlers initHandlersFromConfig
INFO: created /analysis/document: solr.DocumentAnalysisRequestHandler
14 Aug, 2014 10:00:12 AM org.apache.solr.core.RequestHandlers initHandlersFromConfig
INFO: created /admin/ping: solr.PingRequestHandler
14 Aug, 2014 10:00:12 AM org.apache.solr.core.RequestHandlers initHandlersFromConfig
INFO: created /admin/ping: solr.PingRequestHandler
14 Aug, 2014 10:00:12 AM org.apache.solr.core.RequestHandlers initHandlersFromConfig
INFO: created /admin/ping: solr.PingRequestHandler
14 Aug, 2014 10:00:12 AM org.apache.solr.core.RequestHandlers initHandlersFromConfig
INFO: created /debug/dump: solr.DumpRequestHandler
14 Aug, 2014 10:00:12 AM org.apache.solr.core.RequestHandlers initHandlersFromConfig
INFO: created /debug/dump: solr.DumpRequestHandler
14 Aug, 2014 10:00:12 AM org.apache.solr.core.RequestHandlers initHandlersFromConfig
INFO: created /debug/dump: solr.DumpRequestHandler
14 Aug, 2014 10:00:12 AM org.apache.solr.core.RequestHandlers initHandlersFromConfig
INFO: created /replication: solr.ReplicationHandler
14 Aug, 2014 10:00:12 AM org.apache.solr.core.RequestHandlers initHandlersFromConfig
INFO: created /replication: solr.ReplicationHandler
14 Aug, 2014 10:00:12 AM org.apache.solr.core.RequestHandlers initHandlersFromConfig
INFO: created /replication: solr.ReplicationHandler
14 Aug, 2014 10:00:12 AM org.apache.solr.core.RequestHandlers initHandlersFromConfig
INFO: created /mlt: solr.MoreLikeThisHandler
14 Aug, 2014 10:00:12 AM org.apache.solr.core.RequestHandlers initHandlersFromConfig
INFO: created /admin/: solr.admin.AdminHandlers
14 Aug, 2014 10:00:12 AM org.apache.solr.core.RequestHandlers initHandlersFromConfig
INFO: created /mlt: solr.MoreLikeThisHandler
14 Aug, 2014 10:00:12 AM org.apache.solr.core.RequestHandlers initHandlersFromConfig
INFO: created /mlt: solr.MoreLikeThisHandler
14 Aug, 2014 10:00:12 AM org.apache.solr.core.RequestHandlers initHandlersFromConfig
INFO: created /admin/: solr.admin.AdminHandlers
14 Aug, 2014 10:00:12 AM org.apache.solr.core.RequestHandlers initHandlersFromConfig
INFO: created /admin/: solr.admin.AdminHandlers
14 Aug, 2014 10:00:12 AM org.apache.solr.handler.loader.XMLLoader init
INFO: xsltCacheLifetimeSeconds=60
14 Aug, 2014 10:00:12 AM org.apache.solr.handler.loader.XMLLoader init
INFO: xsltCacheLifetimeSeconds=60
14 Aug, 2014 10:00:12 AM org.apache.solr.handler.loader.XMLLoader init
INFO: xsltCacheLifetimeSeconds=60
14 Aug, 2014 10:00:12 AM org.apache.solr.handler.loader.XMLLoader init
INFO: xsltCacheLifetimeSeconds=60
14 Aug, 2014 10:00:12 AM org.apache.solr.handler.loader.XMLLoader init
INFO: xsltCacheLifetimeSeconds=60
14 Aug, 2014 10:00:12 AM org.apache.solr.handler.loader.XMLLoader init
INFO: xsltCacheLifetimeSeconds=60
14 Aug, 2014 10:00:12 AM org.apache.solr.handler.loader.XMLLoader init
INFO: xsltCacheLifetimeSeconds=60
14 Aug, 2014 10:00:12 AM org.apache.solr.handler.loader.XMLLoader init
INFO: xsltCacheLifetimeSeconds=60
14 Aug, 2014 10:00:12 AM org.apache.solr.handler.loader.XMLLoader init
INFO: xsltCacheLifetimeSeconds=60
14 Aug, 2014 10:00:12 AM org.apache.solr.search.SolrIndexSearcher <init>
INFO: Opening Searcher@1ca37c6a main
14 Aug, 2014 10:00:12 AM org.apache.solr.search.SolrIndexSearcher <init>
INFO: Opening Searcher@313d21d6 main
14 Aug, 2014 10:00:12 AM org.apache.solr.update.CommitTracker <init>
INFO: Hard AutoCommit: if uncommited for 15000ms; 
14 Aug, 2014 10:00:12 AM org.apache.solr.update.CommitTracker <init>
INFO: Soft AutoCommit: if uncommited for 5000ms; 
14 Aug, 2014 10:00:12 AM org.apache.solr.handler.component.SpellCheckComponent inform
INFO: Initializing spell checkers
14 Aug, 2014 10:00:12 AM org.apache.solr.spelling.DirectSolrSpellChecker init
INFO: init: {name=default,field=name,classname=solr.DirectSolrSpellChecker,distanceMeasure=internal,accuracy=0.5,maxEdits=2,minPrefix=1,maxInspections=5,minQueryLength=4,maxQueryFrequency=0.01}
14 Aug, 2014 10:00:12 AM org.apache.solr.handler.component.SpellCheckComponent inform
INFO: No queryConverter defined, using default converter
14 Aug, 2014 10:00:12 AM org.apache.solr.update.CommitTracker <init>
INFO: Hard AutoCommit: if uncommited for 15000ms; 
14 Aug, 2014 10:00:12 AM org.apache.solr.update.CommitTracker <init>
INFO: Soft AutoCommit: if uncommited for 5000ms; 
14 Aug, 2014 10:00:12 AM org.apache.solr.handler.component.SpellCheckComponent inform
INFO: Initializing spell checkers
14 Aug, 2014 10:00:12 AM org.apache.solr.spelling.DirectSolrSpellChecker init
INFO: init: {name=default,field=name,classname=solr.DirectSolrSpellChecker,distanceMeasure=internal,accuracy=0.5,maxEdits=2,minPrefix=1,maxInspections=5,minQueryLength=4,maxQueryFrequency=0.01}
14 Aug, 2014 10:00:12 AM org.apache.solr.handler.component.SpellCheckComponent inform
INFO: No queryConverter defined, using default converter
14 Aug, 2014 10:00:12 AM org.apache.solr.handler.ReplicationHandler inform
INFO: Commits will be reserved for  10000
14 Aug, 2014 10:00:12 AM org.apache.solr.handler.ReplicationHandler inform
INFO: Commits will be reserved for  10000
14 Aug, 2014 10:00:12 AM org.apache.solr.search.SolrIndexSearcher <init>
INFO: Opening Searcher@27ed688f main
14 Aug, 2014 10:00:12 AM org.apache.solr.core.SolrCore registerSearcher
INFO: [test] Registered new searcher Searcher@1ca37c6a main{StandardDirectoryReader(segments_1:1)}
14 Aug, 2014 10:00:12 AM org.apache.solr.core.SolrCore registerSearcher
INFO: [default] Registered new searcher Searcher@313d21d6 main{StandardDirectoryReader(segments_1:1)}
14 Aug, 2014 10:00:12 AM org.apache.solr.core.CoreContainer registerCore
INFO: registering core: default
14 Aug, 2014 10:00:12 AM org.apache.solr.core.CoreContainer registerCore
INFO: registering core: test
14 Aug, 2014 10:00:12 AM org.apache.solr.update.CommitTracker <init>
INFO: Hard AutoCommit: if uncommited for 15000ms; 
14 Aug, 2014 10:00:12 AM org.apache.solr.update.CommitTracker <init>
INFO: Soft AutoCommit: if uncommited for 5000ms; 
14 Aug, 2014 10:00:12 AM org.apache.solr.handler.component.SpellCheckComponent inform
INFO: Initializing spell checkers
14 Aug, 2014 10:00:12 AM org.apache.solr.spelling.DirectSolrSpellChecker init
INFO: init: {name=default,field=name,classname=solr.DirectSolrSpellChecker,distanceMeasure=internal,accuracy=0.5,maxEdits=2,minPrefix=1,maxInspections=5,minQueryLength=4,maxQueryFrequency=0.01}
14 Aug, 2014 10:00:12 AM org.apache.solr.handler.component.SpellCheckComponent inform
INFO: No queryConverter defined, using default converter
14 Aug, 2014 10:00:12 AM org.apache.solr.handler.ReplicationHandler inform
INFO: Commits will be reserved for  10000
14 Aug, 2014 10:00:12 AM org.apache.solr.core.SolrCore registerSearcher
INFO: [development] Registered new searcher Searcher@27ed688f main{StandardDirectoryReader(segments_4:9 _1(4.2):C1 _2(4.2):C1)}
14 Aug, 2014 10:00:12 AM org.apache.solr.core.CoreContainer registerCore
INFO: registering core: development
14 Aug, 2014 10:00:12 AM org.apache.solr.servlet.SolrDispatchFilter init
INFO: user.dir=/home/laptop/.rvm/gems/ruby-2.1.0/gems/sunspot_solr-2.1.1/solr
14 Aug, 2014 10:00:12 AM org.apache.solr.servlet.SolrDispatchFilter init
INFO: SolrDispatchFilter.init() done
14 Aug, 2014 10:00:32 AM org.apache.solr.core.SolrCore execute
INFO: [development] webapp=/solr path=/select params={start=0&q=*:*&wt=ruby&fq=type:Lesson&rows=30} hits=2 status=0 QTime=216 
14 Aug, 2014 10:01:18 AM org.apache.solr.core.SolrDeletionPolicy onInit
INFO: SolrDeletionPolicy.onInit: commits:num=1
	commit{dir=NRTCachingDirectory(org.apache.lucene.store.MMapDirectory@/home/laptop/music_application/solr/development/data/index lockFactory=org.apache.lucene.store.NativeFSLockFactory@449c87c1; maxCacheMB=48.0 maxMergeSizeMB=4.0),segFN=segments_4,generation=4,filenames=[_2.si, _2_Lucene41_0.pos, _1.nvm, _1_Lucene41_0.doc, _2_Lucene41_0.tim, _1_Lucene41_0.tim, _1.nvd, _2.fdt, _1_Lucene41_0.tip, _2_Lucene41_0.doc, _2_Lucene41_0.tip, _2.fdx, _1.fnm, _2.fnm, _1.fdx, _1_Lucene41_0.pos, _2.nvm, _1.fdt, _1.si, _2.nvd, segments_4]
14 Aug, 2014 10:01:18 AM org.apache.solr.core.SolrDeletionPolicy updateCommits
INFO: newest commit = 4[_2.si, _2_Lucene41_0.pos, _1.nvm, _1_Lucene41_0.doc, _2_Lucene41_0.tim, _1_Lucene41_0.tim, _1.nvd, _2.fdt, _1_Lucene41_0.tip, _2_Lucene41_0.doc, _2_Lucene41_0.tip, _2.fdx, _1.fnm, _2.fnm, _1.fdx, _1_Lucene41_0.pos, _2.nvm, _1.fdt, _1.si, _2.nvd, segments_4]
14 Aug, 2014 10:01:19 AM org.apache.solr.update.processor.LogUpdateProcessor finish
INFO: [development] webapp=/solr path=/update params={wt=ruby} {add=[Lesson 2 (1476385234113003520)]} 0 171
14 Aug, 2014 10:01:19 AM org.apache.solr.update.DirectUpdateHandler2 commit
INFO: start commit{,optimize=false,openSearcher=true,waitSearcher=true,expungeDeletes=false,softCommit=false,prepareCommit=false}
14 Aug, 2014 10:01:19 AM org.apache.solr.core.SolrDeletionPolicy onCommit
INFO: SolrDeletionPolicy.onCommit: commits:num=2
	commit{dir=NRTCachingDirectory(org.apache.lucene.store.MMapDirectory@/home/laptop/music_application/solr/development/data/index lockFactory=org.apache.lucene.store.NativeFSLockFactory@449c87c1; maxCacheMB=48.0 maxMergeSizeMB=4.0),segFN=segments_4,generation=4,filenames=[_2.si, _2_Lucene41_0.pos, _1.nvm, _1_Lucene41_0.doc, _2_Lucene41_0.tim, _1_Lucene41_0.tim, _1.nvd, _2.fdt, _1_Lucene41_0.tip, _2_Lucene41_0.doc, _2_Lucene41_0.tip, _2.fdx, _1.fnm, _2.fnm, _1.fdx, _1_Lucene41_0.pos, _2.nvm, _1.fdt, _1.si, _2.nvd, segments_4]
	commit{dir=NRTCachingDirectory(org.apache.lucene.store.MMapDirectory@/home/laptop/music_application/solr/development/data/index lockFactory=org.apache.lucene.store.NativeFSLockFactory@449c87c1; maxCacheMB=48.0 maxMergeSizeMB=4.0),segFN=segments_5,generation=5,filenames=[_2.si, _2_Lucene41_0.pos, _2_Lucene41_0.tim, _2.fdt, _3.fdt, _3.fnm, _2_Lucene41_0.doc, _2_Lucene41_0.tip, _2.fdx, _2.fnm, _3.fdx, _3.nvd, _2.nvm, _3_Lucene41_0.doc, _3_Lucene41_0.pos, _3_Lucene41_0.tip, _2.nvd, _3.si, _3_Lucene41_0.tim, _3.nvm, segments_5]
14 Aug, 2014 10:01:19 AM org.apache.solr.core.SolrDeletionPolicy updateCommits
INFO: newest commit = 5[_2.si, _2_Lucene41_0.pos, _2_Lucene41_0.tim, _2.fdt, _3.fdt, _3.fnm, _2_Lucene41_0.doc, _2_Lucene41_0.tip, _2.fdx, _2.fnm, _3.fdx, _3.nvd, _2.nvm, _3_Lucene41_0.doc, _3_Lucene41_0.pos, _3_Lucene41_0.tip, _2.nvd, _3.si, _3_Lucene41_0.tim, _3.nvm, segments_5]
14 Aug, 2014 10:01:19 AM org.apache.solr.search.SolrIndexSearcher <init>
INFO: Opening Searcher@40ad8bb4 main
14 Aug, 2014 10:01:19 AM org.apache.solr.core.SolrCore registerSearcher
INFO: [development] Registered new searcher Searcher@40ad8bb4 main{StandardDirectoryReader(segments_5:13 _2(4.2):C1 _3(4.2):C1)}
14 Aug, 2014 10:01:19 AM org.apache.solr.update.DirectUpdateHandler2 commit
INFO: end_commit_flush
14 Aug, 2014 10:01:19 AM org.apache.solr.update.processor.LogUpdateProcessor finish
INFO: [development] webapp=/solr path=/update params={wt=ruby} {commit=} 0 612
14 Aug, 2014 10:01:58 AM org.apache.solr.update.processor.LogUpdateProcessor finish
INFO: [development] webapp=/solr path=/update params={wt=ruby} {add=[Lesson 3 (1476385275724693504)]} 0 3
14 Aug, 2014 10:01:58 AM org.apache.solr.update.DirectUpdateHandler2 commit
INFO: start commit{,optimize=false,openSearcher=true,waitSearcher=true,expungeDeletes=false,softCommit=false,prepareCommit=false}
14 Aug, 2014 10:01:59 AM org.apache.solr.core.SolrDeletionPolicy onCommit
INFO: SolrDeletionPolicy.onCommit: commits:num=2
	commit{dir=NRTCachingDirectory(org.apache.lucene.store.MMapDirectory@/home/laptop/music_application/solr/development/data/index lockFactory=org.apache.lucene.store.NativeFSLockFactory@449c87c1; maxCacheMB=48.0 maxMergeSizeMB=4.0),segFN=segments_5,generation=5,filenames=[_2.si, _2_Lucene41_0.pos, _2_Lucene41_0.tim, _2.fdt, _3.fdt, _3.fnm, _2_Lucene41_0.doc, _2_Lucene41_0.tip, _2.fdx, _2.fnm, _3.fdx, _3.nvd, _2.nvm, _3_Lucene41_0.doc, _3_Lucene41_0.pos, _3_Lucene41_0.tip, _2.nvd, _3.si, _3_Lucene41_0.tim, _3.nvm, segments_5]
	commit{dir=NRTCachingDirectory(org.apache.lucene.store.MMapDirectory@/home/laptop/music_application/solr/development/data/index lockFactory=org.apache.lucene.store.NativeFSLockFactory@449c87c1; maxCacheMB=48.0 maxMergeSizeMB=4.0),segFN=segments_6,generation=6,filenames=[_2_Lucene41_0.pos, _2.si, _2_Lucene41_0.tim, _4_Lucene41_0.doc, _4.fnm, _3.fnm, _3.fdt, _2_Lucene41_0.tip, _4.fdx, _3.nvd, _3_Lucene41_0.pos, _3_Lucene41_0.tip, _4_Lucene41_0.pos, _3.nvm, _3_Lucene41_0.tim, _2.fdt, _4.si, _4.fdt, _2_Lucene41_0.doc, _4_Lucene41_0.tip, _2.fdx, _4_Lucene41_0.tim, _2.fnm, _3.fdx, _4.nvd, _2.nvm, _3_Lucene41_0.doc, _2.nvd, _3.si, _4.nvm, segments_6]
14 Aug, 2014 10:01:59 AM org.apache.solr.core.SolrDeletionPolicy updateCommits
INFO: newest commit = 6[_2_Lucene41_0.pos, _2.si, _2_Lucene41_0.tim, _4_Lucene41_0.doc, _4.fnm, _3.fnm, _3.fdt, _2_Lucene41_0.tip, _4.fdx, _3.nvd, _3_Lucene41_0.pos, _3_Lucene41_0.tip, _4_Lucene41_0.pos, _3.nvm, _3_Lucene41_0.tim, _2.fdt, _4.si, _4.fdt, _2_Lucene41_0.doc, _4_Lucene41_0.tip, _2.fdx, _4_Lucene41_0.tim, _2.fnm, _3.fdx, _4.nvd, _2.nvm, _3_Lucene41_0.doc, _2.nvd, _3.si, _4.nvm, segments_6]
14 Aug, 2014 10:01:59 AM org.apache.solr.search.SolrIndexSearcher <init>
INFO: Opening Searcher@6ac2d3c main
14 Aug, 2014 10:01:59 AM org.apache.solr.core.SolrCore registerSearcher
INFO: [development] Registered new searcher Searcher@6ac2d3c main{StandardDirectoryReader(segments_6:15 _2(4.2):C1 _3(4.2):C1 _4(4.2):C1)}
14 Aug, 2014 10:01:59 AM org.apache.solr.update.DirectUpdateHandler2 commit
INFO: end_commit_flush
14 Aug, 2014 10:01:59 AM org.apache.solr.update.processor.LogUpdateProcessor finish
INFO: [development] webapp=/solr path=/update params={wt=ruby} {commit=} 0 603
14 Aug, 2014 10:02:02 AM org.apache.solr.core.SolrCore execute
INFO: [development] webapp=/solr path=/select params={start=0&q=*:*&wt=ruby&fq=type:Lesson&rows=30} hits=3 status=0 QTime=0 
14 Aug, 2014 10:02:09 AM org.apache.solr.core.SolrCore execute
INFO: [development] webapp=/solr path=/select params={fl=*+score&start=0&q=checker&qf=name_text+description_text&wt=ruby&fq=type:Lesson&rows=30&defType=edismax} hits=1 status=0 QTime=14 
14 Aug, 2014 10:02:43 AM org.apache.solr.core.SolrCore execute
INFO: [development] webapp=/solr path=/select params={start=0&q=*:*&wt=ruby&fq=type:Lesson&rows=30} hits=3 status=0 QTime=1 
14 Aug, 2014 10:03:39 AM org.apache.solr.core.SolrCore execute
INFO: [development] webapp=/solr path=/select params={fl=*+score&start=0&q=rithala&qf=name_text+description_text+address_text&wt=ruby&fq=type:Lesson&rows=30&defType=edismax} hits=0 status=0 QTime=4 
14 Aug, 2014 10:03:47 AM org.apache.solr.core.SolrCore execute
INFO: [development] webapp=/solr path=/select params={start=0&q=*:*&wt=ruby&fq=type:Lesson&rows=30} hits=3 status=0 QTime=1 
14 Aug, 2014 10:03:53 AM org.apache.solr.core.SolrCore execute
INFO: [development] webapp=/solr path=/select params={fl=*+score&start=0&q=rithala&qf=name_text+description_text+address_text&wt=ruby&fq=type:Lesson&rows=30&defType=edismax} hits=0 status=0 QTime=1 
14 Aug, 2014 10:03:58 AM org.apache.solr.core.SolrCore execute
INFO: [development] webapp=/solr path=/select params={fl=*+score&start=0&q=rithala&qf=name_text+description_text+address_text&wt=ruby&fq=type:Lesson&rows=30&defType=edismax} hits=0 status=0 QTime=1 
14 Aug, 2014 10:03:59 AM org.apache.solr.core.SolrCore execute
INFO: [development] webapp=/solr path=/select params={fl=*+score&start=0&q=rithala&qf=name_text+description_text+address_text&wt=ruby&fq=type:Lesson&rows=30&defType=edismax} hits=0 status=0 QTime=1 
14 Aug, 2014 10:04:03 AM org.apache.solr.core.SolrCore execute
INFO: [development] webapp=/solr path=/select params={start=0&q=*:*&wt=ruby&fq=type:Lesson&rows=30} hits=3 status=0 QTime=0 
14 Aug, 2014 10:04:08 AM org.apache.solr.core.SolrCore execute
INFO: [development] webapp=/solr path=/select params={fl=*+score&start=0&q=checker&qf=name_text+description_text+address_text&wt=ruby&fq=type:Lesson&rows=30&defType=edismax} hits=1 status=0 QTime=2 
14 Aug, 2014 10:04:28 AM org.apache.solr.search.SolrIndexSearcher <init>
INFO: Opening Searcher@388eed76 realtime
14 Aug, 2014 10:04:28 AM org.apache.solr.update.processor.LogUpdateProcessor finish
INFO: [development] webapp=/solr path=/update params={wt=ruby} {deleteByQuery=type:Lesson (-1476385433260654592)} 0 40
14 Aug, 2014 10:04:28 AM org.apache.solr.update.processor.LogUpdateProcessor finish
INFO: [development] webapp=/solr path=/update params={wt=ruby} {add=[Lesson 1 (1476385433368657920), Lesson 2 (1476385433372852224), Lesson 3 (1476385433374949376)]} 0 9
14 Aug, 2014 10:04:28 AM org.apache.solr.update.DirectUpdateHandler2 commit
INFO: start commit{,optimize=false,openSearcher=true,waitSearcher=true,expungeDeletes=false,softCommit=false,prepareCommit=false}
14 Aug, 2014 10:04:29 AM org.apache.solr.core.SolrDeletionPolicy onCommit
INFO: SolrDeletionPolicy.onCommit: commits:num=2
	commit{dir=NRTCachingDirectory(org.apache.lucene.store.MMapDirectory@/home/laptop/music_application/solr/development/data/index lockFactory=org.apache.lucene.store.NativeFSLockFactory@449c87c1; maxCacheMB=48.0 maxMergeSizeMB=4.0),segFN=segments_6,generation=6,filenames=[_2_Lucene41_0.pos, _2.si, _2_Lucene41_0.tim, _4_Lucene41_0.doc, _4.fnm, _3.fnm, _3.fdt, _2_Lucene41_0.tip, _4.fdx, _3.nvd, _3_Lucene41_0.pos, _3_Lucene41_0.tip, _4_Lucene41_0.pos, _3.nvm, _3_Lucene41_0.tim, _2.fdt, _4.si, _4.fdt, _2_Lucene41_0.doc, _4_Lucene41_0.tip, _2.fdx, _4_Lucene41_0.tim, _2.fnm, _3.fdx, _4.nvd, _2.nvm, _3_Lucene41_0.doc, _2.nvd, _3.si, _4.nvm, segments_6]
	commit{dir=NRTCachingDirectory(org.apache.lucene.store.MMapDirectory@/home/laptop/music_application/solr/development/data/index lockFactory=org.apache.lucene.store.NativeFSLockFactory@449c87c1; maxCacheMB=48.0 maxMergeSizeMB=4.0),segFN=segments_7,generation=7,filenames=[_5.si, _5.fdt, _5.nvm, _5.fnm, segments_7, _5_Lucene41_0.tim, _5_Lucene41_0.pos, _5_Lucene41_0.tip, _5_Lucene41_0.doc, _5.fdx, _5.nvd]
14 Aug, 2014 10:04:29 AM org.apache.solr.core.SolrDeletionPolicy updateCommits
INFO: newest commit = 7[_5.si, _5.fdt, _5.nvm, _5.fnm, segments_7, _5_Lucene41_0.tim, _5_Lucene41_0.pos, _5_Lucene41_0.tip, _5_Lucene41_0.doc, _5.fdx, _5.nvd]
14 Aug, 2014 10:04:29 AM org.apache.solr.search.SolrIndexSearcher <init>
INFO: Opening Searcher@db2b10a main
14 Aug, 2014 10:04:29 AM org.apache.solr.core.SolrCore registerSearcher
INFO: [development] Registered new searcher Searcher@db2b10a main{StandardDirectoryReader(segments_7:19:nrt _5(4.2):C3)}
14 Aug, 2014 10:04:29 AM org.apache.solr.update.DirectUpdateHandler2 commit
INFO: end_commit_flush
14 Aug, 2014 10:04:29 AM org.apache.solr.update.processor.LogUpdateProcessor finish
INFO: [development] webapp=/solr path=/update params={wt=ruby} {commit=} 0 732
14 Aug, 2014 10:04:47 AM org.apache.solr.core.SolrCore execute
INFO: [development] webapp=/solr path=/select params={start=0&q=*:*&wt=ruby&fq=type:Lesson&rows=30} hits=3 status=0 QTime=1 
14 Aug, 2014 10:04:51 AM org.apache.solr.core.SolrCore execute
INFO: [development] webapp=/solr path=/select params={fl=*+score&start=0&q=rithala&qf=name_text+description_text+address_text&wt=ruby&fq=type:Lesson&rows=30&defType=edismax} hits=2 status=0 QTime=2 
14 Aug, 2014 10:05:03 AM org.apache.solr.core.SolrCore execute
INFO: [development] webapp=/solr path=/select params={fl=*+score&start=0&q=nunirka&qf=name_text+description_text+address_text&wt=ruby&fq=type:Lesson&rows=30&defType=edismax} hits=0 status=0 QTime=2 
14 Aug, 2014 10:05:14 AM org.apache.solr.core.SolrCore execute
INFO: [development] webapp=/solr path=/select params={fl=*+score&start=0&q=munirka&qf=name_text+description_text+address_text&wt=ruby&fq=type:Lesson&rows=30&defType=edismax} hits=1 status=0 QTime=3 
14 Aug, 2014 10:08:57 AM org.apache.solr.core.SolrCore execute
INFO: [development] webapp=/solr path=/select params={fl=*+score&start=0&q=munirka&qf=name_text+description_text+address_text&wt=ruby&fq=type:Lesson&rows=30&defType=edismax} hits=1 status=0 QTime=1 
14 Aug, 2014 10:09:07 AM org.apache.solr.core.SolrCore execute
INFO: [development] webapp=/solr path=/select params={fl=*+score&start=0&q=munirka&qf=name_text+description_text+address_text&wt=ruby&fq=type:Lesson&rows=30&defType=edismax} hits=1 status=0 QTime=1 
14 Aug, 2014 10:09:38 AM org.apache.solr.core.SolrCore execute
INFO: [development] webapp=/solr path=/select params={fl=*+score&start=0&q=munirka&qf=name_text+description_text+address_text&wt=ruby&fq=type:Lesson&rows=30&defType=edismax} hits=1 status=0 QTime=1 
14 Aug, 2014 10:10:00 AM org.apache.solr.core.SolrCore execute
INFO: [development] webapp=/solr path=/select params={fl=*+score&start=0&q=munirka&qf=name_text+description_text+address_text&wt=ruby&fq=type:Lesson&rows=30&defType=edismax} hits=1 status=0 QTime=1 
14 Aug, 2014 10:10:12 AM org.apache.solr.core.SolrCore execute
INFO: [development] webapp=/solr path=/select params={start=0&q=*:*&wt=ruby&fq=type:Lesson&rows=30} hits=3 status=0 QTime=0 
14 Aug, 2014 10:10:12 AM org.apache.solr.core.SolrCore execute
INFO: [development] webapp=/solr path=/select params={start=0&q=*:*&wt=ruby&fq=type:Lesson&rows=30} hits=3 status=0 QTime=0 
